{"/Users/Maureen/code/tic-tac-toe-matty-and-leight/main.js": {"path":"/Users/Maureen/code/tic-tac-toe-matty-and-leight/main.js","statementMap":{"0":{"start":{"line":3,"column":4},"end":{"line":3,"column":35}},"1":{"start":{"line":7,"column":4},"end":{"line":7,"column":41}},"2":{"start":{"line":8,"column":4},"end":{"line":8,"column":38}},"3":{"start":{"line":9,"column":4},"end":{"line":9,"column":21}},"4":{"start":{"line":13,"column":4},"end":{"line":28,"column":5}},"5":{"start":{"line":23,"column":6},"end":{"line":23,"column":21}},"6":{"start":{"line":24,"column":6},"end":{"line":24,"column":35}},"7":{"start":{"line":25,"column":11},"end":{"line":28,"column":5}},"8":{"start":{"line":26,"column":6},"end":{"line":26,"column":21}},"9":{"start":{"line":27,"column":6},"end":{"line":27,"column":39}},"10":{"start":{"line":29,"column":4},"end":{"line":29,"column":17}},"11":{"start":{"line":33,"column":16},"end":{"line":33,"column":26}},"12":{"start":{"line":34,"column":4},"end":{"line":42,"column":5}},"13":{"start":{"line":35,"column":6},"end":{"line":41,"column":7}},"14":{"start":{"line":40,"column":8},"end":{"line":40,"column":20}},"15":{"start":{"line":46,"column":4},"end":{"line":46,"column":35}},"16":{"start":{"line":47,"column":4},"end":{"line":50,"column":6}},"17":{"start":{"line":51,"column":4},"end":{"line":59,"column":5}},"18":{"start":{"line":52,"column":6},"end":{"line":52,"column":22}},"19":{"start":{"line":53,"column":11},"end":{"line":59,"column":5}},"20":{"start":{"line":54,"column":6},"end":{"line":58,"column":7}},"21":{"start":{"line":55,"column":8},"end":{"line":55,"column":24}},"22":{"start":{"line":57,"column":8},"end":{"line":57,"column":24}},"23":{"start":{"line":60,"column":4},"end":{"line":60,"column":38}},"24":{"start":{"line":61,"column":4},"end":{"line":61,"column":21}},"25":{"start":{"line":65,"column":21},"end":{"line":65,"column":22}},"26":{"start":{"line":66,"column":4},"end":{"line":78,"column":5}},"27":{"start":{"line":67,"column":6},"end":{"line":67,"column":36}},"28":{"start":{"line":68,"column":11},"end":{"line":78,"column":5}},"29":{"start":{"line":69,"column":6},"end":{"line":69,"column":36}},"30":{"start":{"line":70,"column":6},"end":{"line":70,"column":24}},"31":{"start":{"line":72,"column":23},"end":{"line":72,"column":52}},"32":{"start":{"line":73,"column":6},"end":{"line":75,"column":7}},"33":{"start":{"line":74,"column":8},"end":{"line":74,"column":51}},"34":{"start":{"line":76,"column":6},"end":{"line":76,"column":36}},"35":{"start":{"line":77,"column":6},"end":{"line":77,"column":24}},"36":{"start":{"line":82,"column":4},"end":{"line":85,"column":5}},"37":{"start":{"line":83,"column":6},"end":{"line":83,"column":54}},"38":{"start":{"line":84,"column":6},"end":{"line":84,"column":24}},"39":{"start":{"line":86,"column":4},"end":{"line":86,"column":33}},"40":{"start":{"line":87,"column":4},"end":{"line":89,"column":5}},"41":{"start":{"line":88,"column":6},"end":{"line":88,"column":24}},"42":{"start":{"line":90,"column":4},"end":{"line":96,"column":5}},"43":{"start":{"line":91,"column":6},"end":{"line":91,"column":31}},"44":{"start":{"line":92,"column":6},"end":{"line":92,"column":40}},"45":{"start":{"line":93,"column":6},"end":{"line":95,"column":7}},"46":{"start":{"line":94,"column":8},"end":{"line":94,"column":26}},"47":{"start":{"line":97,"column":4},"end":{"line":97,"column":29}},"48":{"start":{"line":98,"column":4},"end":{"line":98,"column":22}},"49":{"start":{"line":102,"column":0},"end":{"line":102,"column":27}}},"fnMap":{"0":{"name":"(anonymous_0)","decl":{"start":{"line":2,"column":2},"end":{"line":2,"column":3}},"loc":{"start":{"line":2,"column":16},"end":{"line":4,"column":3}},"line":2},"1":{"name":"(anonymous_1)","decl":{"start":{"line":6,"column":2},"end":{"line":6,"column":3}},"loc":{"start":{"line":6,"column":15},"end":{"line":10,"column":3}},"line":6},"2":{"name":"(anonymous_2)","decl":{"start":{"line":12,"column":2},"end":{"line":12,"column":3}},"loc":{"start":{"line":12,"column":18},"end":{"line":30,"column":3}},"line":12},"3":{"name":"(anonymous_3)","decl":{"start":{"line":32,"column":2},"end":{"line":32,"column":3}},"loc":{"start":{"line":32,"column":54},"end":{"line":43,"column":3}},"line":32},"4":{"name":"(anonymous_4)","decl":{"start":{"line":45,"column":2},"end":{"line":45,"column":3}},"loc":{"start":{"line":45,"column":36},"end":{"line":62,"column":3}},"line":45},"5":{"name":"(anonymous_5)","decl":{"start":{"line":64,"column":2},"end":{"line":64,"column":3}},"loc":{"start":{"line":64,"column":26},"end":{"line":79,"column":3}},"line":64},"6":{"name":"(anonymous_6)","decl":{"start":{"line":81,"column":2},"end":{"line":81,"column":3}},"loc":{"start":{"line":81,"column":44},"end":{"line":99,"column":3}},"line":81}},"branchMap":{"0":{"loc":{"start":{"line":7,"column":16},"end":{"line":7,"column":40}},"type":"cond-expr","locations":[{"start":{"line":7,"column":31},"end":{"line":7,"column":34}},{"start":{"line":7,"column":37},"end":{"line":7,"column":40}}],"line":7},"1":{"loc":{"start":{"line":13,"column":4},"end":{"line":28,"column":5}},"type":"if","locations":[{"start":{"line":13,"column":4},"end":{"line":28,"column":5}},{"start":{"line":13,"column":4},"end":{"line":28,"column":5}}],"line":13},"2":{"loc":{"start":{"line":14,"column":6},"end":{"line":21,"column":37}},"type":"binary-expr","locations":[{"start":{"line":14,"column":6},"end":{"line":14,"column":37}},{"start":{"line":15,"column":6},"end":{"line":15,"column":37}},{"start":{"line":16,"column":6},"end":{"line":16,"column":37}},{"start":{"line":17,"column":6},"end":{"line":17,"column":37}},{"start":{"line":18,"column":6},"end":{"line":18,"column":37}},{"start":{"line":19,"column":6},"end":{"line":19,"column":37}},{"start":{"line":20,"column":6},"end":{"line":20,"column":37}},{"start":{"line":21,"column":6},"end":{"line":21,"column":37}}],"line":14},"3":{"loc":{"start":{"line":25,"column":11},"end":{"line":28,"column":5}},"type":"if","locations":[{"start":{"line":25,"column":11},"end":{"line":28,"column":5}},{"start":{"line":25,"column":11},"end":{"line":28,"column":5}}],"line":25},"4":{"loc":{"start":{"line":35,"column":6},"end":{"line":41,"column":7}},"type":"if","locations":[{"start":{"line":35,"column":6},"end":{"line":41,"column":7}},{"start":{"line":35,"column":6},"end":{"line":41,"column":7}}],"line":35},"5":{"loc":{"start":{"line":36,"column":8},"end":{"line":38,"column":33}},"type":"binary-expr","locations":[{"start":{"line":36,"column":8},"end":{"line":36,"column":33}},{"start":{"line":37,"column":8},"end":{"line":37,"column":34}},{"start":{"line":38,"column":8},"end":{"line":38,"column":33}}],"line":36},"6":{"loc":{"start":{"line":51,"column":4},"end":{"line":59,"column":5}},"type":"if","locations":[{"start":{"line":51,"column":4},"end":{"line":59,"column":5}},{"start":{"line":51,"column":4},"end":{"line":59,"column":5}}],"line":51},"7":{"loc":{"start":{"line":53,"column":11},"end":{"line":59,"column":5}},"type":"if","locations":[{"start":{"line":53,"column":11},"end":{"line":59,"column":5}},{"start":{"line":53,"column":11},"end":{"line":59,"column":5}}],"line":53},"8":{"loc":{"start":{"line":54,"column":6},"end":{"line":58,"column":7}},"type":"if","locations":[{"start":{"line":54,"column":6},"end":{"line":58,"column":7}},{"start":{"line":54,"column":6},"end":{"line":58,"column":7}}],"line":54},"9":{"loc":{"start":{"line":66,"column":4},"end":{"line":78,"column":5}},"type":"if","locations":[{"start":{"line":66,"column":4},"end":{"line":78,"column":5}},{"start":{"line":66,"column":4},"end":{"line":78,"column":5}}],"line":66},"10":{"loc":{"start":{"line":68,"column":11},"end":{"line":78,"column":5}},"type":"if","locations":[{"start":{"line":68,"column":11},"end":{"line":78,"column":5}},{"start":{"line":68,"column":11},"end":{"line":78,"column":5}}],"line":68},"11":{"loc":{"start":{"line":82,"column":4},"end":{"line":85,"column":5}},"type":"if","locations":[{"start":{"line":82,"column":4},"end":{"line":85,"column":5}},{"start":{"line":82,"column":4},"end":{"line":85,"column":5}}],"line":82},"12":{"loc":{"start":{"line":87,"column":4},"end":{"line":89,"column":5}},"type":"if","locations":[{"start":{"line":87,"column":4},"end":{"line":89,"column":5}},{"start":{"line":87,"column":4},"end":{"line":89,"column":5}}],"line":87},"13":{"loc":{"start":{"line":90,"column":4},"end":{"line":96,"column":5}},"type":"if","locations":[{"start":{"line":90,"column":4},"end":{"line":96,"column":5}},{"start":{"line":90,"column":4},"end":{"line":96,"column":5}}],"line":90},"14":{"loc":{"start":{"line":93,"column":6},"end":{"line":95,"column":7}},"type":"if","locations":[{"start":{"line":93,"column":6},"end":{"line":95,"column":7}},{"start":{"line":93,"column":6},"end":{"line":95,"column":7}}],"line":93}},"s":{"0":35,"1":6,"2":6,"3":6,"4":25,"5":17,"6":17,"7":8,"8":3,"9":3,"10":5,"11":137,"12":137,"13":265,"14":17,"15":3,"16":3,"17":3,"18":1,"19":2,"20":2,"21":1,"22":1,"23":3,"24":3,"25":6,"26":6,"27":1,"28":5,"29":2,"30":2,"31":3,"32":3,"33":1,"34":3,"35":3,"36":7,"37":2,"38":2,"39":5,"40":5,"41":2,"42":3,"43":2,"44":2,"45":2,"46":1,"47":2,"48":2,"49":1},"f":{"0":35,"1":6,"2":25,"3":137,"4":3,"5":6,"6":7},"b":{"0":[4,2],"1":[17,8],"2":[25,22,20,18,16,14,12,10],"3":[3,5],"4":[17,248],"5":[265,71,25],"6":[1,2],"7":[2,0],"8":[1,1],"9":[1,5],"10":[2,3],"11":[2,5],"12":[2,3],"13":[2,1],"14":[1,1]},"_coverageSchema":"332fd63041d2c1bcb487cc26dd0d5f7d97098a6c","hash":"eba8e7f20907c7a467d50f10953c195d04ea497d"}
}
