{"/Users/Maureen/code/tic-tac-toe-matty-and-leight/main.js": {"path":"/Users/Maureen/code/tic-tac-toe-matty-and-leight/main.js","statementMap":{"0":{"start":{"line":3,"column":4},"end":{"line":3,"column":35}},"1":{"start":{"line":4,"column":4},"end":{"line":4,"column":28}},"2":{"start":{"line":8,"column":4},"end":{"line":8,"column":50}},"3":{"start":{"line":12,"column":4},"end":{"line":27,"column":5}},"4":{"start":{"line":22,"column":6},"end":{"line":22,"column":21}},"5":{"start":{"line":23,"column":6},"end":{"line":23,"column":35}},"6":{"start":{"line":24,"column":11},"end":{"line":27,"column":5}},"7":{"start":{"line":25,"column":6},"end":{"line":25,"column":21}},"8":{"start":{"line":26,"column":6},"end":{"line":26,"column":39}},"9":{"start":{"line":28,"column":4},"end":{"line":28,"column":17}},"10":{"start":{"line":32,"column":16},"end":{"line":32,"column":26}},"11":{"start":{"line":33,"column":4},"end":{"line":41,"column":5}},"12":{"start":{"line":34,"column":6},"end":{"line":40,"column":7}},"13":{"start":{"line":39,"column":8},"end":{"line":39,"column":20}},"14":{"start":{"line":45,"column":4},"end":{"line":45,"column":35}},"15":{"start":{"line":46,"column":4},"end":{"line":49,"column":6}},"16":{"start":{"line":50,"column":4},"end":{"line":58,"column":5}},"17":{"start":{"line":51,"column":6},"end":{"line":51,"column":22}},"18":{"start":{"line":52,"column":11},"end":{"line":58,"column":5}},"19":{"start":{"line":53,"column":6},"end":{"line":57,"column":7}},"20":{"start":{"line":54,"column":8},"end":{"line":54,"column":24}},"21":{"start":{"line":56,"column":8},"end":{"line":56,"column":24}},"22":{"start":{"line":59,"column":4},"end":{"line":59,"column":38}},"23":{"start":{"line":60,"column":4},"end":{"line":60,"column":21}},"24":{"start":{"line":64,"column":21},"end":{"line":64,"column":22}},"25":{"start":{"line":65,"column":4},"end":{"line":77,"column":5}},"26":{"start":{"line":66,"column":6},"end":{"line":66,"column":36}},"27":{"start":{"line":67,"column":11},"end":{"line":77,"column":5}},"28":{"start":{"line":68,"column":6},"end":{"line":68,"column":36}},"29":{"start":{"line":69,"column":6},"end":{"line":69,"column":24}},"30":{"start":{"line":71,"column":23},"end":{"line":71,"column":52}},"31":{"start":{"line":72,"column":6},"end":{"line":74,"column":7}},"32":{"start":{"line":73,"column":8},"end":{"line":73,"column":51}},"33":{"start":{"line":75,"column":6},"end":{"line":75,"column":36}},"34":{"start":{"line":76,"column":6},"end":{"line":76,"column":24}},"35":{"start":{"line":81,"column":4},"end":{"line":84,"column":5}},"36":{"start":{"line":82,"column":6},"end":{"line":82,"column":54}},"37":{"start":{"line":83,"column":6},"end":{"line":83,"column":24}},"38":{"start":{"line":85,"column":4},"end":{"line":85,"column":33}},"39":{"start":{"line":86,"column":4},"end":{"line":88,"column":5}},"40":{"start":{"line":87,"column":6},"end":{"line":87,"column":24}},"41":{"start":{"line":89,"column":4},"end":{"line":95,"column":5}},"42":{"start":{"line":90,"column":6},"end":{"line":90,"column":31}},"43":{"start":{"line":91,"column":6},"end":{"line":91,"column":40}},"44":{"start":{"line":92,"column":6},"end":{"line":94,"column":7}},"45":{"start":{"line":93,"column":8},"end":{"line":93,"column":26}},"46":{"start":{"line":96,"column":4},"end":{"line":96,"column":29}},"47":{"start":{"line":97,"column":4},"end":{"line":97,"column":22}},"48":{"start":{"line":101,"column":19},"end":{"line":103,"column":15}},"49":{"start":{"line":104,"column":20},"end":{"line":104,"column":61}},"50":{"start":{"line":105,"column":20},"end":{"line":105,"column":61}},"51":{"start":{"line":106,"column":4},"end":{"line":113,"column":5}},"52":{"start":{"line":107,"column":17},"end":{"line":107,"column":53}},"53":{"start":{"line":108,"column":6},"end":{"line":110,"column":8}},"54":{"start":{"line":109,"column":8},"end":{"line":109,"column":57}},"55":{"start":{"line":112,"column":6},"end":{"line":112,"column":45}},"56":{"start":{"line":117,"column":6},"end":{"line":120,"column":5}},"57":{"start":{"line":118,"column":19},"end":{"line":118,"column":55}},"58":{"start":{"line":119,"column":8},"end":{"line":119,"column":28}},"59":{"start":{"line":124,"column":0},"end":{"line":124,"column":27}}},"fnMap":{"0":{"name":"(anonymous_0)","decl":{"start":{"line":2,"column":2},"end":{"line":2,"column":3}},"loc":{"start":{"line":2,"column":16},"end":{"line":5,"column":3}},"line":2},"1":{"name":"(anonymous_1)","decl":{"start":{"line":7,"column":2},"end":{"line":7,"column":3}},"loc":{"start":{"line":7,"column":15},"end":{"line":9,"column":3}},"line":7},"2":{"name":"(anonymous_2)","decl":{"start":{"line":11,"column":2},"end":{"line":11,"column":3}},"loc":{"start":{"line":11,"column":18},"end":{"line":29,"column":3}},"line":11},"3":{"name":"(anonymous_3)","decl":{"start":{"line":31,"column":2},"end":{"line":31,"column":3}},"loc":{"start":{"line":31,"column":54},"end":{"line":42,"column":3}},"line":31},"4":{"name":"(anonymous_4)","decl":{"start":{"line":44,"column":2},"end":{"line":44,"column":3}},"loc":{"start":{"line":44,"column":36},"end":{"line":61,"column":3}},"line":44},"5":{"name":"(anonymous_5)","decl":{"start":{"line":63,"column":2},"end":{"line":63,"column":3}},"loc":{"start":{"line":63,"column":26},"end":{"line":78,"column":3}},"line":63},"6":{"name":"(anonymous_6)","decl":{"start":{"line":80,"column":2},"end":{"line":80,"column":3}},"loc":{"start":{"line":80,"column":44},"end":{"line":98,"column":3}},"line":80},"7":{"name":"(anonymous_7)","decl":{"start":{"line":100,"column":2},"end":{"line":100,"column":3}},"loc":{"start":{"line":100,"column":17},"end":{"line":114,"column":3}},"line":100},"8":{"name":"(anonymous_8)","decl":{"start":{"line":108,"column":21},"end":{"line":108,"column":22}},"loc":{"start":{"line":108,"column":27},"end":{"line":110,"column":7}},"line":108},"9":{"name":"(anonymous_9)","decl":{"start":{"line":116,"column":4},"end":{"line":116,"column":5}},"loc":{"start":{"line":116,"column":13},"end":{"line":121,"column":3}},"line":116}},"branchMap":{"0":{"loc":{"start":{"line":8,"column":24},"end":{"line":8,"column":48}},"type":"cond-expr","locations":[{"start":{"line":8,"column":39},"end":{"line":8,"column":42}},{"start":{"line":8,"column":45},"end":{"line":8,"column":48}}],"line":8},"1":{"loc":{"start":{"line":12,"column":4},"end":{"line":27,"column":5}},"type":"if","locations":[{"start":{"line":12,"column":4},"end":{"line":27,"column":5}},{"start":{"line":12,"column":4},"end":{"line":27,"column":5}}],"line":12},"2":{"loc":{"start":{"line":13,"column":6},"end":{"line":20,"column":37}},"type":"binary-expr","locations":[{"start":{"line":13,"column":6},"end":{"line":13,"column":37}},{"start":{"line":14,"column":6},"end":{"line":14,"column":37}},{"start":{"line":15,"column":6},"end":{"line":15,"column":37}},{"start":{"line":16,"column":6},"end":{"line":16,"column":37}},{"start":{"line":17,"column":6},"end":{"line":17,"column":37}},{"start":{"line":18,"column":6},"end":{"line":18,"column":37}},{"start":{"line":19,"column":6},"end":{"line":19,"column":37}},{"start":{"line":20,"column":6},"end":{"line":20,"column":37}}],"line":13},"3":{"loc":{"start":{"line":24,"column":11},"end":{"line":27,"column":5}},"type":"if","locations":[{"start":{"line":24,"column":11},"end":{"line":27,"column":5}},{"start":{"line":24,"column":11},"end":{"line":27,"column":5}}],"line":24},"4":{"loc":{"start":{"line":34,"column":6},"end":{"line":40,"column":7}},"type":"if","locations":[{"start":{"line":34,"column":6},"end":{"line":40,"column":7}},{"start":{"line":34,"column":6},"end":{"line":40,"column":7}}],"line":34},"5":{"loc":{"start":{"line":35,"column":8},"end":{"line":37,"column":33}},"type":"binary-expr","locations":[{"start":{"line":35,"column":8},"end":{"line":35,"column":33}},{"start":{"line":36,"column":8},"end":{"line":36,"column":34}},{"start":{"line":37,"column":8},"end":{"line":37,"column":33}}],"line":35},"6":{"loc":{"start":{"line":50,"column":4},"end":{"line":58,"column":5}},"type":"if","locations":[{"start":{"line":50,"column":4},"end":{"line":58,"column":5}},{"start":{"line":50,"column":4},"end":{"line":58,"column":5}}],"line":50},"7":{"loc":{"start":{"line":52,"column":11},"end":{"line":58,"column":5}},"type":"if","locations":[{"start":{"line":52,"column":11},"end":{"line":58,"column":5}},{"start":{"line":52,"column":11},"end":{"line":58,"column":5}}],"line":52},"8":{"loc":{"start":{"line":53,"column":6},"end":{"line":57,"column":7}},"type":"if","locations":[{"start":{"line":53,"column":6},"end":{"line":57,"column":7}},{"start":{"line":53,"column":6},"end":{"line":57,"column":7}}],"line":53},"9":{"loc":{"start":{"line":65,"column":4},"end":{"line":77,"column":5}},"type":"if","locations":[{"start":{"line":65,"column":4},"end":{"line":77,"column":5}},{"start":{"line":65,"column":4},"end":{"line":77,"column":5}}],"line":65},"10":{"loc":{"start":{"line":67,"column":11},"end":{"line":77,"column":5}},"type":"if","locations":[{"start":{"line":67,"column":11},"end":{"line":77,"column":5}},{"start":{"line":67,"column":11},"end":{"line":77,"column":5}}],"line":67},"11":{"loc":{"start":{"line":81,"column":4},"end":{"line":84,"column":5}},"type":"if","locations":[{"start":{"line":81,"column":4},"end":{"line":84,"column":5}},{"start":{"line":81,"column":4},"end":{"line":84,"column":5}}],"line":81},"12":{"loc":{"start":{"line":86,"column":4},"end":{"line":88,"column":5}},"type":"if","locations":[{"start":{"line":86,"column":4},"end":{"line":88,"column":5}},{"start":{"line":86,"column":4},"end":{"line":88,"column":5}}],"line":86},"13":{"loc":{"start":{"line":89,"column":4},"end":{"line":95,"column":5}},"type":"if","locations":[{"start":{"line":89,"column":4},"end":{"line":95,"column":5}},{"start":{"line":89,"column":4},"end":{"line":95,"column":5}}],"line":89},"14":{"loc":{"start":{"line":92,"column":6},"end":{"line":94,"column":7}},"type":"if","locations":[{"start":{"line":92,"column":6},"end":{"line":94,"column":7}},{"start":{"line":92,"column":6},"end":{"line":94,"column":7}}],"line":92},"15":{"loc":{"start":{"line":101,"column":19},"end":{"line":103,"column":15}},"type":"cond-expr","locations":[{"start":{"line":102,"column":8},"end":{"line":102,"column":18}},{"start":{"line":103,"column":8},"end":{"line":103,"column":15}}],"line":101}},"s":{"0":33,"1":33,"2":5,"3":23,"4":17,"5":17,"6":6,"7":2,"8":2,"9":4,"10":121,"11":121,"12":233,"13":17,"14":2,"15":2,"16":2,"17":1,"18":1,"19":1,"20":0,"21":1,"22":2,"23":2,"24":5,"25":5,"26":1,"27":4,"28":2,"29":2,"30":2,"31":2,"32":2,"33":2,"34":2,"35":6,"36":2,"37":2,"38":4,"39":4,"40":2,"41":2,"42":1,"43":1,"44":1,"45":0,"46":2,"47":2,"48":0,"49":0,"50":0,"51":0,"52":0,"53":0,"54":0,"55":0,"56":0,"57":0,"58":0,"59":1},"f":{"0":33,"1":5,"2":23,"3":121,"4":2,"5":5,"6":6,"7":0,"8":0,"9":0},"b":{"0":[3,2],"1":[17,6],"2":[23,20,18,16,14,12,10,8],"3":[2,4],"4":[17,216],"5":[233,55,21],"6":[1,1],"7":[1,0],"8":[0,1],"9":[1,4],"10":[2,2],"11":[2,4],"12":[2,2],"13":[1,1],"14":[0,1],"15":[0,0]},"_coverageSchema":"332fd63041d2c1bcb487cc26dd0d5f7d97098a6c","hash":"9e315ea19ddbfd1668733c4ae3899021b49a5f53"}
}
