TN:
SF:/Users/Maureen/code/tic-tac-toe-matty-and-leight/main.js
FN:2,(anonymous_0)
FN:6,(anonymous_1)
FN:12,(anonymous_2)
FN:32,(anonymous_3)
FN:45,(anonymous_4)
FN:64,(anonymous_5)
FN:81,(anonymous_6)
FNF:7
FNH:7
FNDA:35,(anonymous_0)
FNDA:6,(anonymous_1)
FNDA:25,(anonymous_2)
FNDA:137,(anonymous_3)
FNDA:3,(anonymous_4)
FNDA:6,(anonymous_5)
FNDA:7,(anonymous_6)
DA:3,35
DA:7,6
DA:8,6
DA:9,6
DA:13,25
DA:23,17
DA:24,17
DA:25,8
DA:26,3
DA:27,3
DA:29,5
DA:33,137
DA:34,137
DA:35,265
DA:40,17
DA:46,3
DA:47,3
DA:51,3
DA:52,1
DA:53,2
DA:54,2
DA:55,1
DA:57,1
DA:60,3
DA:61,3
DA:65,6
DA:66,6
DA:67,1
DA:68,5
DA:69,2
DA:70,2
DA:72,3
DA:73,3
DA:74,1
DA:76,3
DA:77,3
DA:82,7
DA:83,2
DA:84,2
DA:86,5
DA:87,5
DA:88,2
DA:90,3
DA:91,2
DA:92,2
DA:93,2
DA:94,1
DA:97,2
DA:98,2
DA:102,1
LF:50
LH:50
BRDA:7,0,0,4
BRDA:7,0,1,2
BRDA:13,1,0,17
BRDA:13,1,1,8
BRDA:14,2,0,25
BRDA:14,2,1,22
BRDA:14,2,2,20
BRDA:14,2,3,18
BRDA:14,2,4,16
BRDA:14,2,5,14
BRDA:14,2,6,12
BRDA:14,2,7,10
BRDA:25,3,0,3
BRDA:25,3,1,5
BRDA:35,4,0,17
BRDA:35,4,1,248
BRDA:36,5,0,265
BRDA:36,5,1,71
BRDA:36,5,2,25
BRDA:51,6,0,1
BRDA:51,6,1,2
BRDA:53,7,0,2
BRDA:53,7,1,0
BRDA:54,8,0,1
BRDA:54,8,1,1
BRDA:66,9,0,1
BRDA:66,9,1,5
BRDA:68,10,0,2
BRDA:68,10,1,3
BRDA:82,11,0,2
BRDA:82,11,1,5
BRDA:87,12,0,2
BRDA:87,12,1,3
BRDA:90,13,0,2
BRDA:90,13,1,1
BRDA:93,14,0,1
BRDA:93,14,1,1
BRF:37
BRH:36
end_of_record
