TN:
SF:/Users/Maureen/code/tic-tac-toe-matty-and-leight/main.js
FN:2,(anonymous_0)
FN:6,(anonymous_1)
FN:12,(anonymous_2)
FN:32,(anonymous_3)
FN:45,(anonymous_4)
FN:49,(anonymous_5)
FN:70,(anonymous_6)
FN:87,(anonymous_7)
FNF:8
FNH:8
FNDA:36,(anonymous_0)
FNDA:6,(anonymous_1)
FNDA:25,(anonymous_2)
FNDA:137,(anonymous_3)
FNDA:10,(anonymous_4)
FNDA:4,(anonymous_5)
FNDA:6,(anonymous_6)
FNDA:7,(anonymous_7)
DA:3,36
DA:7,6
DA:8,6
DA:9,6
DA:13,25
DA:23,17
DA:24,17
DA:25,8
DA:26,3
DA:27,3
DA:29,5
DA:33,137
DA:34,137
DA:35,265
DA:40,17
DA:46,10
DA:50,4
DA:51,4
DA:55,4
DA:56,1
DA:57,3
DA:58,2
DA:59,1
DA:61,1
DA:64,1
DA:66,3
DA:67,3
DA:71,6
DA:72,6
DA:73,1
DA:74,5
DA:75,2
DA:76,2
DA:78,3
DA:79,3
DA:80,7
DA:82,3
DA:83,3
DA:88,7
DA:89,2
DA:90,2
DA:92,5
DA:93,5
DA:94,2
DA:96,3
DA:97,2
DA:98,2
DA:99,2
DA:100,1
DA:103,2
DA:104,2
DA:108,1
LF:52
LH:52
BRDA:7,0,0,4
BRDA:7,0,1,2
BRDA:13,1,0,17
BRDA:13,1,1,8
BRDA:14,2,0,25
BRDA:14,2,1,22
BRDA:14,2,2,20
BRDA:14,2,3,18
BRDA:14,2,4,16
BRDA:14,2,5,14
BRDA:14,2,6,12
BRDA:14,2,7,10
BRDA:25,3,0,3
BRDA:25,3,1,5
BRDA:35,4,0,17
BRDA:35,4,1,248
BRDA:36,5,0,265
BRDA:36,5,1,71
BRDA:36,5,2,25
BRDA:55,6,0,1
BRDA:55,6,1,3
BRDA:57,7,0,2
BRDA:57,7,1,1
BRDA:58,8,0,1
BRDA:58,8,1,1
BRDA:72,9,0,1
BRDA:72,9,1,5
BRDA:74,10,0,2
BRDA:74,10,1,3
BRDA:88,11,0,2
BRDA:88,11,1,5
BRDA:93,12,0,2
BRDA:93,12,1,3
BRDA:96,13,0,2
BRDA:96,13,1,1
BRDA:99,14,0,1
BRDA:99,14,1,1
BRF:37
BRH:37
end_of_record
